# JRE version: OpenJDK Runtime Environment Temurin-17.0.12+7 (17.0.12+7) (build 17.0.12+7)
# Java VM: OpenJDK 64-Bit Server VM Temurin-17.0.12+7 (17.0.12+7, mixed mode, sharing, tiered, compressed oops, compressed class ptrs, g1 gc, linux-amd64)
GC Precious Log:
 CPUs: 16 total, 16 available
 Memory: 7590M
 Large Page Support: Disabled
 NUMA Support: Disabled
 Compressed Oops: Enabled (32-bit)
 Heap Region Size: 1M
 Heap Min Capacity: 8M
 Heap Initial Capacity: 120M
 Heap Max Capacity: 1898M
 Pre-touch: Disabled
 Parallel Workers: 13
 Concurrent Workers: 3
 Concurrent Refinement Workers: 13
 Periodic GC: Disabled
Heap:
 garbage-first heap   total 34816K, used 15663K [0x0000000089600000, 0x0000000100000000)
  region size 1024K, 4 young (4096K), 0 survivors (0K)
 Metaspace       used 10203K, committed 10496K, reserved 1114112K
  class space    used 1040K, committed 1152K, reserved 1048576K
GC Heap History (14 events):
Event: 0.223 GC heap before
{Heap before GC invocations=0 (full 0):
 garbage-first heap   total 124928K, used 5040K [0x0000000089600000, 0x0000000100000000)
  region size 1024K, 6 young (6144K), 0 survivors (0K)
 Metaspace       used 1339K, committed 1472K, reserved 1114112K
  class space    used 103K, committed 192K, reserved 1048576K
}
Event: 0.229 GC heap after
{Heap after GC invocations=1 (full 1):
 garbage-first heap   total 17408K, used 3379K [0x0000000089600000, 0x0000000100000000)
  region size 1024K, 0 young (0K), 0 survivors (0K)
 Metaspace       used 1339K, committed 1472K, reserved 1114112K
  class space    used 103K, committed 192K, reserved 1048576K
}
Event: 0.375 GC heap before
{Heap before GC invocations=1 (full 1):
 garbage-first heap   total 17408K, used 7475K [0x0000000089600000, 0x0000000100000000)
  region size 1024K, 4 young (4096K), 0 survivors (0K)
 Metaspace       used 1967K, committed 2112K, reserved 1114112K
  class space    used 160K, committed 256K, reserved 1048576K
}
Event: 0.377 GC heap after
{Heap after GC invocations=2 (full 1):
 garbage-first heap   total 17408K, used 4211K [0x0000000089600000, 0x0000000100000000)
  region size 1024K, 1 young (1024K), 1 survivors (1024K)
 Metaspace       used 1967K, committed 2112K, reserved 1114112K
  class space    used 160K, committed 256K, reserved 1048576K
}
Event: 0.383 GC heap before
{Heap before GC invocations=2 (full 1):
 garbage-first heap   total 17408K, used 8307K [0x0000000089600000, 0x0000000100000000)
  region size 1024K, 5 young (5120K), 1 survivors (1024K)
 Metaspace       used 1973K, committed 2112K, reserved 1114112K
  class space    used 160K, committed 256K, reserved 1048576K
}
Event: 0.385 GC heap after
{Heap after GC invocations=3 (full 1):
 garbage-first heap   total 17408K, used 4480K [0x0000000089600000, 0x0000000100000000)
  region size 1024K, 1 young (1024K), 1 survivors (1024K)
 Metaspace       used 1973K, committed 2112K, reserved 1114112K
  class space    used 160K, committed 256K, reserved 1048576K
}
Event: 0.392 GC heap before
{Heap before GC invocations=3 (full 1):
 garbage-first heap   total 17408K, used 8576K [0x0000000089600000, 0x0000000100000000)
  region size 1024K, 5 young (5120K), 1 survivors (1024K)
 Metaspace       used 1983K, committed 2176K, reserved 1114112K
  class space    used 160K, committed 256K, reserved 1048576K
}
Event: 0.393 GC heap after
{Heap after GC invocations=4 (full 1):
 garbage-first heap   total 17408K, used 4984K [0x0000000089600000, 0x0000000100000000)
  region size 1024K, 1 young (1024K), 1 survivors (1024K)
 Metaspace       used 1983K, committed 2176K, reserved 1114112K
  class space    used 160K, committed 256K, reserved 1048576K
}
Event: 0.403 GC heap before
{Heap before GC invocations=4 (full 1):
 garbage-first heap   total 17408K, used 10104K [0x0000000089600000, 0x0000000100000000)
  region size 1024K, 6 young (6144K), 1 survivors (1024K)
 Metaspace       used 1997K, committed 2176K, reserved 1114112K
  class space    used 160K, committed 256K, reserved 1048576K
}
Event: 0.406 GC heap after
{Heap after GC invocations=5 (full 1):
 garbage-first heap   total 70656K, used 5703K [0x0000000089600000, 0x0000000100000000)
  region size 1024K, 1 young (1024K), 1 survivors (1024K)
 Metaspace       used 1997K, committed 2176K, reserved 1114112K
  class space    used 160K, committed 256K, reserved 1048576K
}
Event: 0.622 GC heap before
{Heap before GC invocations=5 (full 1):
 garbage-first heap   total 70656K, used 20039K [0x0000000089600000, 0x0000000100000000)
  region size 1024K, 16 young (16384K), 1 survivors (1024K)
 Metaspace       used 2596K, committed 2752K, reserved 1114112K
  class space    used 229K, committed 320K, reserved 1048576K
}
Event: 0.637 GC heap after
{Heap after GC invocations=6 (full 2):
 garbage-first heap   total 34816K, used 7944K [0x0000000089600000, 0x0000000100000000)
  region size 1024K, 0 young (0K), 0 survivors (0K)
 Metaspace       used 2596K, committed 2752K, reserved 1114112K
  class space    used 229K, committed 320K, reserved 1048576K
}
Event: 1.593 GC heap before
{Heap before GC invocations=6 (full 2):
 garbage-first heap   total 34816K, used 16136K [0x0000000089600000, 0x0000000100000000)
  region size 1024K, 10 young (10240K), 0 survivors (0K)
 Metaspace       used 5511K, committed 5824K, reserved 1114112K
  class space    used 537K, committed 704K, reserved 1048576K
}
Event: 1.608 GC heap after
{Heap after GC invocations=7 (full 3):
 garbage-first heap   total 34816K, used 12591K [0x0000000089600000, 0x0000000100000000)
  region size 1024K, 0 young (0K), 0 survivors (0K)
 Metaspace       used 5511K, committed 5824K, reserved 1114112K
  class space    used 537K, committed 704K, reserved 1048576K
}

