# JRE version: OpenJDK Runtime Environment Temurin-17.0.12+7 (17.0.12+7) (build 17.0.12+7)
# Java VM: OpenJDK 64-Bit Server VM Temurin-17.0.12+7 (17.0.12+7, mixed mode, sharing, tiered, compressed oops, compressed class ptrs, g1 gc, linux-amd64)
GC Precious Log:
 CPUs: 16 total, 16 available
 Memory: 7590M
 Large Page Support: Disabled
 NUMA Support: Disabled
 Compressed Oops: Enabled (32-bit)
 Heap Region Size: 1M
 Heap Min Capacity: 8M
 Heap Initial Capacity: 120M
 Heap Max Capacity: 1898M
 Pre-touch: Disabled
 Parallel Workers: 13
 Concurrent Workers: 3
 Concurrent Refinement Workers: 13
 Periodic GC: Disabled
Heap:
 garbage-first heap   total 425984K, used 342379K [0x0000000089600000, 0x0000000100000000)
  region size 1024K, 210 young (215040K), 12 survivors (12288K)
 Metaspace       used 8005K, committed 8256K, reserved 1114112K
  class space    used 677K, committed 832K, reserved 1048576K
GC Heap History (20 events):
Event: 174.697 GC heap before
{Heap before GC invocations=257 (full 10):
 garbage-first heap   total 425984K, used 363627K [0x0000000089600000, 0x0000000100000000)
  region size 1024K, 230 young (235520K), 15 survivors (15360K)
 Metaspace       used 7998K, committed 8256K, reserved 1114112K
  class space    used 676K, committed 832K, reserved 1048576K
}
Event: 174.701 GC heap after
{Heap after GC invocations=258 (full 10):
 garbage-first heap   total 425984K, used 143670K [0x0000000089600000, 0x0000000100000000)
  region size 1024K, 15 young (15360K), 15 survivors (15360K)
 Metaspace       used 7998K, committed 8256K, reserved 1114112K
  class space    used 676K, committed 832K, reserved 1048576K
}
Event: 175.086 GC heap before
{Heap before GC invocations=258 (full 10):
 garbage-first heap   total 425984K, used 363830K [0x0000000089600000, 0x0000000100000000)
  region size 1024K, 230 young (235520K), 15 survivors (15360K)
 Metaspace       used 7998K, committed 8256K, reserved 1114112K
  class space    used 676K, committed 832K, reserved 1048576K
}
Event: 175.091 GC heap after
{Heap after GC invocations=259 (full 10):
 garbage-first heap   total 425984K, used 143960K [0x0000000089600000, 0x0000000100000000)
  region size 1024K, 16 young (16384K), 16 survivors (16384K)
 Metaspace       used 7998K, committed 8256K, reserved 1114112K
  class space    used 676K, committed 832K, reserved 1048576K
}
Event: 175.290 GC heap before
{Heap before GC invocations=259 (full 10):
 garbage-first heap   total 425984K, used 362072K [0x0000000089600000, 0x0000000100000000)
  region size 1024K, 229 young (234496K), 16 survivors (16384K)
 Metaspace       used 7998K, committed 8256K, reserved 1114112K
  class space    used 676K, committed 832K, reserved 1048576K
}
Event: 175.296 GC heap after
{Heap after GC invocations=260 (full 10):
 garbage-first heap   total 425984K, used 143691K [0x0000000089600000, 0x0000000100000000)
  region size 1024K, 15 young (15360K), 15 survivors (15360K)
 Metaspace       used 7998K, committed 8256K, reserved 1114112K
  class space    used 676K, committed 832K, reserved 1048576K
}
Event: 175.531 GC heap before
{Heap before GC invocations=260 (full 10):
 garbage-first heap   total 425984K, used 363851K [0x0000000089600000, 0x0000000100000000)
  region size 1024K, 230 young (235520K), 15 survivors (15360K)
 Metaspace       used 7998K, committed 8256K, reserved 1114112K
  class space    used 676K, committed 832K, reserved 1048576K
}
Event: 175.536 GC heap after
{Heap after GC invocations=261 (full 10):
 garbage-first heap   total 425984K, used 143696K [0x0000000089600000, 0x0000000100000000)
  region size 1024K, 15 young (15360K), 15 survivors (15360K)
 Metaspace       used 7998K, committed 8256K, reserved 1114112K
  class space    used 676K, committed 832K, reserved 1048576K
}
Event: 175.713 GC heap before
{Heap before GC invocations=261 (full 10):
 garbage-first heap   total 425984K, used 363856K [0x0000000089600000, 0x0000000100000000)
  region size 1024K, 230 young (235520K), 15 survivors (15360K)
 Metaspace       used 7998K, committed 8256K, reserved 1114112K
  class space    used 676K, committed 832K, reserved 1048576K
}
Event: 175.717 GC heap after
{Heap after GC invocations=262 (full 10):
 garbage-first heap   total 425984K, used 143704K [0x0000000089600000, 0x0000000100000000)
  region size 1024K, 15 young (15360K), 15 survivors (15360K)
 Metaspace       used 7998K, committed 8256K, reserved 1114112K
  class space    used 676K, committed 832K, reserved 1048576K
}
Event: 175.910 GC heap before
{Heap before GC invocations=262 (full 10):
 garbage-first heap   total 425984K, used 363864K [0x0000000089600000, 0x0000000100000000)
  region size 1024K, 230 young (235520K), 15 survivors (15360K)
 Metaspace       used 7998K, committed 8256K, reserved 1114112K
  class space    used 676K, committed 832K, reserved 1048576K
}
Event: 175.915 GC heap after
{Heap after GC invocations=263 (full 10):
 garbage-first heap   total 425984K, used 142225K [0x0000000089600000, 0x0000000100000000)
  region size 1024K, 14 young (14336K), 14 survivors (14336K)
 Metaspace       used 7998K, committed 8256K, reserved 1114112K
  class space    used 676K, committed 832K, reserved 1048576K
}
Event: 176.105 GC heap before
{Heap before GC invocations=263 (full 10):
 garbage-first heap   total 425984K, used 364433K [0x0000000089600000, 0x0000000100000000)
  region size 1024K, 231 young (236544K), 14 survivors (14336K)
 Metaspace       used 7998K, committed 8256K, reserved 1114112K
  class space    used 676K, committed 832K, reserved 1048576K
}
Event: 176.109 GC heap after
{Heap after GC invocations=264 (full 10):
 garbage-first heap   total 425984K, used 141918K [0x0000000089600000, 0x0000000100000000)
  region size 1024K, 14 young (14336K), 14 survivors (14336K)
 Metaspace       used 7998K, committed 8256K, reserved 1114112K
  class space    used 676K, committed 832K, reserved 1048576K
}
Event: 176.291 GC heap before
{Heap before GC invocations=264 (full 10):
 garbage-first heap   total 425984K, used 364126K [0x0000000089600000, 0x0000000100000000)
  region size 1024K, 231 young (236544K), 14 survivors (14336K)
 Metaspace       used 7998K, committed 8256K, reserved 1114112K
  class space    used 676K, committed 832K, reserved 1048576K
}
Event: 176.295 GC heap after
{Heap after GC invocations=265 (full 10):
 garbage-first heap   total 425984K, used 141912K [0x0000000089600000, 0x0000000100000000)
  region size 1024K, 14 young (14336K), 14 survivors (14336K)
 Metaspace       used 7998K, committed 8256K, reserved 1114112K
  class space    used 676K, committed 832K, reserved 1048576K
}
Event: 176.633 GC heap before
{Heap before GC invocations=265 (full 10):
 garbage-first heap   total 425984K, used 364120K [0x0000000089600000, 0x0000000100000000)
  region size 1024K, 231 young (236544K), 14 survivors (14336K)
 Metaspace       used 7998K, committed 8256K, reserved 1114112K
  class space    used 676K, committed 832K, reserved 1048576K
}
Event: 176.637 GC heap after
{Heap after GC invocations=266 (full 10):
 garbage-first heap   total 425984K, used 142178K [0x0000000089600000, 0x0000000100000000)
  region size 1024K, 14 young (14336K), 14 survivors (14336K)
 Metaspace       used 7998K, committed 8256K, reserved 1114112K
  class space    used 676K, committed 832K, reserved 1048576K
}
Event: 176.989 GC heap before
{Heap before GC invocations=266 (full 10):
 garbage-first heap   total 425984K, used 364386K [0x0000000089600000, 0x0000000100000000)
  region size 1024K, 231 young (236544K), 14 survivors (14336K)
 Metaspace       used 7998K, committed 8256K, reserved 1114112K
  class space    used 676K, committed 832K, reserved 1048576K
}
Event: 176.992 GC heap after
{Heap after GC invocations=267 (full 10):
 garbage-first heap   total 425984K, used 140651K [0x0000000089600000, 0x0000000100000000)
  region size 1024K, 12 young (12288K), 12 survivors (12288K)
 Metaspace       used 7998K, committed 8256K, reserved 1114112K
  class space    used 676K, committed 832K, reserved 1048576K
}

